<?xml version="1.0" encoding="UTF-8"?>
<!-- Generated by org.testng.reporters.JUnitXMLReporter -->
<testsuite ignored="0" hostname="HAMILTON-QA6L" failures="0" tests="4" name="Default test" time="0.062" errors="0" timestamp="2023-08-07T12:16:07 IST">
  <testcase classname="com.qa.tests.TestNGDemo" name="registerUser" time="0.009"/>
  <testcase classname="com.qa.tests.TestNGDemo" name="loginUser" time="0.001"/>
  <testcase classname="com.qa.tests.TestNGDemo" name="purchase" time="0.001"/>
  <testcase classname="com.qa.tests.TestNGDemo" name="logout" time="0.001"/>
</testsuite> <!-- Default test -->
