<?xml version="1.0" encoding="UTF-8"?>
<!-- Generated by org.testng.reporters.JUnitXMLReporter -->
<testsuite ignored="1" hostname="HAMILTON-QA6L" failures="0" tests="9" name="Test" time="0.116" errors="0" timestamp="2023-08-07T12:24:30 IST">
  <testcase classname="com.qa.tests.TestNGTest" name="loginUser" time="0.008">
    <skipped/>
  </testcase> <!-- loginUser -->
  <testcase classname="com.qa.tests.TestNGTest" name="purchase" time="0.002"/>
  <testcase classname="com.qa.tests.TestNGDemo" name="registerUser" time="0.003"/>
  <testcase classname="com.qa.tests.TestNGDemo" name="loginUser" time="0.002"/>
  <testcase classname="com.qa.tests.TestNGDemo" name="purchase" time="0.003"/>
  <testcase classname="com.qa.tests.TestNGDemo" name="logout" time="0.002"/>
  <testcase classname="com.qa.tests.TestNGDataProvider" name="testMain" time="0.001"/>
  <testcase classname="com.qa.tests.TestNGDataProvider" name="testMain" time="0.003"/>
  <testcase classname="com.qa.tests.TestNGDataProvider" name="testMain" time="0.001"/>
  <testcase classname="com.qa.tests.TestNGTest" name="registerUser" time="0.0">
    <ignored/>
  </testcase> <!-- registerUser -->
</testsuite> <!-- Test -->
