<?xml version="1.0" encoding="UTF-8"?>
<!-- Generated by org.testng.reporters.JUnitXMLReporter -->
<testsuite ignored="1" hostname="HAMILTON-QA6L" failures="0" tests="3" name="GRP-bvt,regression" time="0.065" errors="0" timestamp="2023-08-07T12:17:27 IST">
  <testcase classname="com.qa.tests.TestNGDemo" name="loginUser" time="0.011"/>
  <testcase classname="com.qa.tests.TestNGDemo" name="purchase" time="0.001"/>
  <testcase classname="com.qa.tests.TestNGDemo" name="logout" time="0.001"/>
  <testcase classname="com.qa.tests.TestNGDemo" name="registerUser" time="0.0">
    <ignored/>
  </testcase> <!-- registerUser -->
</testsuite> <!-- GRP-bvt,regression -->
