<?xml version="1.0" encoding="UTF-8"?>
<!-- Generated by org.testng.reporters.JUnitXMLReporter -->
<testsuite ignored="2" hostname="HAMILTON-QA6L" failures="0" tests="2" name="GRP-regression" time="0.051" errors="0" timestamp="2023-08-07T12:16:49 IST">
  <testcase classname="com.qa.tests.TestNGDemo" name="loginUser" time="0.008"/>
  <testcase classname="com.qa.tests.TestNGDemo" name="logout" time="0.001"/>
  <testcase classname="com.qa.tests.TestNGDemo" name="purchase" time="0.0">
    <ignored/>
  </testcase> <!-- purchase -->
  <testcase classname="com.qa.tests.TestNGDemo" name="registerUser" time="0.0">
    <ignored/>
  </testcase> <!-- registerUser -->
</testsuite> <!-- GRP-regression -->
